sed -e "s/localhost:1234/localhost:25647/" -e "s/jumpto_longmode/*0x00000000001000e5/" < obj/kern/kernel.asm .gdbinit.tmpl > .gdbinit
make[1]: Entering directory '/home/leochanj/jos-jcpwfloi'
make[1]: Leaving directory '/home/leochanj/jos-jcpwfloi'
qemu-system-x86_64 -nographic -cpu qemu64,+vmx -enable-kvm -m 256 -drive format=raw,file=obj/kern/kernel.img -serial mon:stdio -gdb tcp::25647 -D qemu.log -smp 1 
6828 decimal is 15254 octal!

e820 MEMORY MAP
size: 20, address: 0x0000000000000000, length: 0x000000000009fc00, type: 1
size: 20, address: 0x000000000009fc00, length: 0x0000000000000400, type: 2
size: 20, address: 0x00000000000f0000, length: 0x0000000000010000, type: 2
size: 20, address: 0x0000000000100000, length: 0x000000000fee0000, type: 1
size: 20, address: 0x000000000ffe0000, length: 0x0000000000020000, type: 2
size: 20, address: 0x00000000feffc000, length: 0x0000000000004000, type: 2
size: 20, address: 0x00000000fffc0000, length: 0x0000000000040000, type: 2

Physical memory: 256M available, base = 636K, extended = 261120K, npages = 65536
Pages limited to 3276800 by upage address range (12800MB), Pages limited to 134201344 by remapped phys mem (524224MB)
check_page_alloc() succeeded!
check_page() succeeded!
check_boot_pml4e() succeeded!
0000008004554000 0000008004554120 0000008004554240 0000008004554360 0000008004554480 00000080045545a0 00000080045546c0 00000080045547e0 0000008004554900 0000008004554a20 
0000008004554b40 0000008004554c60 0000008004554d80 0000008004554ea0 0000008004554fc0 00000080045550e0 0000008004555200 0000008004555320 0000008004555440 0000008004555560 
0000008004555680 00000080045557a0 00000080045558c0 00000080045559e0 0000008004555b00 0000008004555c20 0000008004555d40 0000008004555e60 0000008004555f80 00000080045560a0 
00000080045561c0 00000080045562e0 0000008004556400 0000008004556520 0000008004556640 0000008004556760 0000008004556880 00000080045569a0 0000008004556ac0 0000008004556be0 
0000008004556d00 0000008004556e20 0000008004556f40 0000008004557060 0000008004557180 00000080045572a0 00000080045573c0 00000080045574e0 0000008004557600 0000008004557720 
0000008004557840 0000008004557960 0000008004557a80 0000008004557ba0 0000008004557cc0 0000008004557de0 0000008004557f00 0000008004558020 0000008004558140 0000008004558260 
0000008004558380 00000080045584a0 00000080045585c0 00000080045586e0 0000008004558800 0000008004558920 0000008004558a40 0000008004558b60 0000008004558c80 0000008004558da0 
0000008004558ec0 0000008004558fe0 0000008004559100 0000008004559220 0000008004559340 0000008004559460 0000008004559580 00000080045596a0 00000080045597c0 00000080045598e0 
0000008004559a00 0000008004559b20 0000008004559c40 0000008004559d60 0000008004559e80 0000008004559fa0 000000800455a0c0 000000800455a1e0 000000800455a300 000000800455a420 
000000800455a540 000000800455a660 000000800455a780 000000800455a8a0 000000800455a9c0 000000800455aae0 000000800455ac00 000000800455ad20 000000800455ae40 000000800455af60 
000000800455b080 000000800455b1a0 000000800455b2c0 000000800455b3e0 000000800455b500 000000800455b620 000000800455b740 000000800455b860 000000800455b980 000000800455baa0 
000000800455bbc0 000000800455bce0 000000800455be00 000000800455bf20 000000800455c040 000000800455c160 000000800455c280 000000800455c3a0 000000800455c4c0 000000800455c5e0 
000000800455c700 000000800455c820 000000800455c940 000000800455ca60 000000800455cb80 000000800455cca0 000000800455cdc0 000000800455cee0 000000800455d000 000000800455d120 
000000800455d240 000000800455d360 000000800455d480 000000800455d5a0 000000800455d6c0 000000800455d7e0 000000800455d900 000000800455da20 000000800455db40 000000800455dc60 
000000800455dd80 000000800455dea0 000000800455dfc0 000000800455e0e0 000000800455e200 000000800455e320 000000800455e440 000000800455e560 000000800455e680 000000800455e7a0 
000000800455e8c0 000000800455e9e0 000000800455eb00 000000800455ec20 000000800455ed40 000000800455ee60 000000800455ef80 000000800455f0a0 000000800455f1c0 000000800455f2e0 
000000800455f400 000000800455f520 000000800455f640 000000800455f760 000000800455f880 000000800455f9a0 000000800455fac0 000000800455fbe0 000000800455fd00 000000800455fe20 
000000800455ff40 0000008004560060 0000008004560180 00000080045602a0 00000080045603c0 00000080045604e0 0000008004560600 0000008004560720 0000008004560840 0000008004560960 
0000008004560a80 0000008004560ba0 0000008004560cc0 0000008004560de0 0000008004560f00 0000008004561020 0000008004561140 0000008004561260 0000008004561380 00000080045614a0 
00000080045615c0 00000080045616e0 0000008004561800 0000008004561920 0000008004561a40 0000008004561b60 0000008004561c80 0000008004561da0 0000008004561ec0 0000008004561fe0 
0000008004562100 0000008004562220 0000008004562340 0000008004562460 0000008004562580 00000080045626a0 00000080045627c0 00000080045628e0 0000008004562a00 0000008004562b20 
0000008004562c40 0000008004562d60 0000008004562e80 0000008004562fa0 00000080045630c0 00000080045631e0 0000008004563300 0000008004563420 0000008004563540 0000008004563660 
0000008004563780 00000080045638a0 00000080045639c0 0000008004563ae0 0000008004563c00 0000008004563d20 0000008004563e40 0000008004563f60 0000008004564080 00000080045641a0 
00000080045642c0 00000080045643e0 0000008004564500 0000008004564620 0000008004564740 0000008004564860 0000008004564980 0000008004564aa0 0000008004564bc0 0000008004564ce0 
0000008004564e00 0000008004564f20 0000008004565040 0000008004565160 0000008004565280 00000080045653a0 00000080045654c0 00000080045655e0 0000008004565700 0000008004565820 
0000008004565940 0000008004565a60 0000008004565b80 0000008004565ca0 0000008004565dc0 0000008004565ee0 0000008004566000 0000008004566120 0000008004566240 0000008004566360 
0000008004566480 00000080045665a0 00000080045666c0 00000080045667e0 0000008004566900 0000008004566a20 0000008004566b40 0000008004566c60 0000008004566d80 0000008004566ea0 
0000008004566fc0 00000080045670e0 0000008004567200 0000008004567320 0000008004567440 0000008004567560 0000008004567680 00000080045677a0 00000080045678c0 00000080045679e0 
0000008004567b00 0000008004567c20 0000008004567d40 0000008004567e60 0000008004567f80 00000080045680a0 00000080045681c0 00000080045682e0 0000008004568400 0000008004568520 
0000008004568640 0000008004568760 0000008004568880 00000080045689a0 0000008004568ac0 0000008004568be0 0000008004568d00 0000008004568e20 0000008004568f40 0000008004569060 
0000008004569180 00000080045692a0 00000080045693c0 00000080045694e0 0000008004569600 0000008004569720 0000008004569840 0000008004569960 0000008004569a80 0000008004569ba0 
0000008004569cc0 0000008004569de0 0000008004569f00 000000800456a020 000000800456a140 000000800456a260 000000800456a380 000000800456a4a0 000000800456a5c0 000000800456a6e0 
000000800456a800 000000800456a920 000000800456aa40 000000800456ab60 000000800456ac80 000000800456ada0 000000800456aec0 000000800456afe0 000000800456b100 000000800456b220 
000000800456b340 000000800456b460 000000800456b580 000000800456b6a0 000000800456b7c0 000000800456b8e0 000000800456ba00 000000800456bb20 000000800456bc40 000000800456bd60 
000000800456be80 000000800456bfa0 000000800456c0c0 000000800456c1e0 000000800456c300 000000800456c420 000000800456c540 000000800456c660 000000800456c780 000000800456c8a0 
000000800456c9c0 000000800456cae0 000000800456cc00 000000800456cd20 000000800456ce40 000000800456cf60 000000800456d080 000000800456d1a0 000000800456d2c0 000000800456d3e0 
000000800456d500 000000800456d620 000000800456d740 000000800456d860 000000800456d980 000000800456daa0 000000800456dbc0 000000800456dce0 000000800456de00 000000800456df20 
000000800456e040 000000800456e160 000000800456e280 000000800456e3a0 000000800456e4c0 000000800456e5e0 000000800456e700 000000800456e820 000000800456e940 000000800456ea60 
000000800456eb80 000000800456eca0 000000800456edc0 000000800456eee0 000000800456f000 000000800456f120 000000800456f240 000000800456f360 000000800456f480 000000800456f5a0 
000000800456f6c0 000000800456f7e0 000000800456f900 000000800456fa20 000000800456fb40 000000800456fc60 000000800456fd80 000000800456fea0 000000800456ffc0 00000080045700e0 
0000008004570200 0000008004570320 0000008004570440 0000008004570560 0000008004570680 00000080045707a0 00000080045708c0 00000080045709e0 0000008004570b00 0000008004570c20 
0000008004570d40 0000008004570e60 0000008004570f80 00000080045710a0 00000080045711c0 00000080045712e0 0000008004571400 0000008004571520 0000008004571640 0000008004571760 
0000008004571880 00000080045719a0 0000008004571ac0 0000008004571be0 0000008004571d00 0000008004571e20 0000008004571f40 0000008004572060 0000008004572180 00000080045722a0 
00000080045723c0 00000080045724e0 0000008004572600 0000008004572720 0000008004572840 0000008004572960 0000008004572a80 0000008004572ba0 0000008004572cc0 0000008004572de0 
0000008004572f00 0000008004573020 0000008004573140 0000008004573260 0000008004573380 00000080045734a0 00000080045735c0 00000080045736e0 0000008004573800 0000008004573920 
0000008004573a40 0000008004573b60 0000008004573c80 0000008004573da0 0000008004573ec0 0000008004573fe0 0000008004574100 0000008004574220 0000008004574340 0000008004574460 
0000008004574580 00000080045746a0 00000080045747c0 00000080045748e0 0000008004574a00 0000008004574b20 0000008004574c40 0000008004574d60 0000008004574e80 0000008004574fa0 
00000080045750c0 00000080045751e0 0000008004575300 0000008004575420 0000008004575540 0000008004575660 0000008004575780 00000080045758a0 00000080045759c0 0000008004575ae0 
0000008004575c00 0000008004575d20 0000008004575e40 0000008004575f60 0000008004576080 00000080045761a0 00000080045762c0 00000080045763e0 0000008004576500 0000008004576620 
0000008004576740 0000008004576860 0000008004576980 0000008004576aa0 0000008004576bc0 0000008004576ce0 0000008004576e00 0000008004576f20 0000008004577040 0000008004577160 
0000008004577280 00000080045773a0 00000080045774c0 00000080045775e0 0000008004577700 0000008004577820 0000008004577940 0000008004577a60 0000008004577b80 0000008004577ca0 
0000008004577dc0 0000008004577ee0 0000008004578000 0000008004578120 0000008004578240 0000008004578360 0000008004578480 00000080045785a0 00000080045786c0 00000080045787e0 
0000008004578900 0000008004578a20 0000008004578b40 0000008004578c60 0000008004578d80 0000008004578ea0 0000008004578fc0 00000080045790e0 0000008004579200 0000008004579320 
0000008004579440 0000008004579560 0000008004579680 00000080045797a0 00000080045798c0 00000080045799e0 0000008004579b00 0000008004579c20 0000008004579d40 0000008004579e60 
0000008004579f80 000000800457a0a0 000000800457a1c0 000000800457a2e0 000000800457a400 000000800457a520 000000800457a640 000000800457a760 000000800457a880 000000800457a9a0 
000000800457aac0 000000800457abe0 000000800457ad00 000000800457ae20 000000800457af40 000000800457b060 000000800457b180 000000800457b2a0 000000800457b3c0 000000800457b4e0 
000000800457b600 000000800457b720 000000800457b840 000000800457b960 000000800457ba80 000000800457bba0 000000800457bcc0 000000800457bde0 000000800457bf00 000000800457c020 
000000800457c140 000000800457c260 000000800457c380 000000800457c4a0 000000800457c5c0 000000800457c6e0 000000800457c800 000000800457c920 000000800457ca40 000000800457cb60 
000000800457cc80 000000800457cda0 000000800457cec0 000000800457cfe0 000000800457d100 000000800457d220 000000800457d340 000000800457d460 000000800457d580 000000800457d6a0 
000000800457d7c0 000000800457d8e0 000000800457da00 000000800457db20 000000800457dc40 000000800457dd60 000000800457de80 000000800457dfa0 000000800457e0c0 000000800457e1e0 
000000800457e300 000000800457e420 000000800457e540 000000800457e660 000000800457e780 000000800457e8a0 000000800457e9c0 000000800457eae0 000000800457ec00 000000800457ed20 
000000800457ee40 000000800457ef60 000000800457f080 000000800457f1a0 000000800457f2c0 000000800457f3e0 000000800457f500 000000800457f620 000000800457f740 000000800457f860 
000000800457f980 000000800457faa0 000000800457fbc0 000000800457fce0 000000800457fe00 000000800457ff20 0000008004580040 0000008004580160 0000008004580280 00000080045803a0 
00000080045804c0 00000080045805e0 0000008004580700 0000008004580820 0000008004580940 0000008004580a60 0000008004580b80 0000008004580ca0 0000008004580dc0 0000008004580ee0 
0000008004581000 0000008004581120 0000008004581240 0000008004581360 0000008004581480 00000080045815a0 00000080045816c0 00000080045817e0 0000008004581900 0000008004581a20 
0000008004581b40 0000008004581c60 0000008004581d80 0000008004581ea0 0000008004581fc0 00000080045820e0 0000008004582200 0000008004582320 0000008004582440 0000008004582560 
0000008004582680 00000080045827a0 00000080045828c0 00000080045829e0 0000008004582b00 0000008004582c20 0000008004582d40 0000008004582e60 0000008004582f80 00000080045830a0 
00000080045831c0 00000080045832e0 0000008004583400 0000008004583520 0000008004583640 0000008004583760 0000008004583880 00000080045839a0 0000008004583ac0 0000008004583be0 
0000008004583d00 0000008004583e20 0000008004583f40 0000008004584060 0000008004584180 00000080045842a0 00000080045843c0 00000080045844e0 0000008004584600 0000008004584720 
0000008004584840 0000008004584960 0000008004584a80 0000008004584ba0 0000008004584cc0 0000008004584de0 0000008004584f00 0000008004585020 0000008004585140 0000008004585260 
0000008004585380 00000080045854a0 00000080045855c0 00000080045856e0 0000008004585800 0000008004585920 0000008004585a40 0000008004585b60 0000008004585c80 0000008004585da0 
0000008004585ec0 0000008004585fe0 0000008004586100 0000008004586220 0000008004586340 0000008004586460 0000008004586580 00000080045866a0 00000080045867c0 00000080045868e0 
0000008004586a00 0000008004586b20 0000008004586c40 0000008004586d60 0000008004586e80 0000008004586fa0 00000080045870c0 00000080045871e0 0000008004587300 0000008004587420 
0000008004587540 0000008004587660 0000008004587780 00000080045878a0 00000080045879c0 0000008004587ae0 0000008004587c00 0000008004587d20 0000008004587e40 0000008004587f60 
0000008004588080 00000080045881a0 00000080045882c0 00000080045883e0 0000008004588500 0000008004588620 0000008004588740 0000008004588860 0000008004588980 0000008004588aa0 
0000008004588bc0 0000008004588ce0 0000008004588e00 0000008004588f20 0000008004589040 0000008004589160 0000008004589280 00000080045893a0 00000080045894c0 00000080045895e0 
0000008004589700 0000008004589820 0000008004589940 0000008004589a60 0000008004589b80 0000008004589ca0 0000008004589dc0 0000008004589ee0 000000800458a000 000000800458a120 
000000800458a240 000000800458a360 000000800458a480 000000800458a5a0 000000800458a6c0 000000800458a7e0 000000800458a900 000000800458aa20 000000800458ab40 000000800458ac60 
000000800458ad80 000000800458aea0 000000800458afc0 000000800458b0e0 000000800458b200 000000800458b320 000000800458b440 000000800458b560 000000800458b680 000000800458b7a0 
000000800458b8c0 000000800458b9e0 000000800458bb00 000000800458bc20 000000800458bd40 000000800458be60 000000800458bf80 000000800458c0a0 000000800458c1c0 000000800458c2e0 
000000800458c400 000000800458c520 000000800458c640 000000800458c760 000000800458c880 000000800458c9a0 000000800458cac0 000000800458cbe0 000000800458cd00 000000800458ce20 
000000800458cf40 000000800458d060 000000800458d180 000000800458d2a0 000000800458d3c0 000000800458d4e0 000000800458d600 000000800458d720 000000800458d840 000000800458d960 
000000800458da80 000000800458dba0 000000800458dcc0 000000800458dde0 000000800458df00 000000800458e020 000000800458e140 000000800458e260 000000800458e380 000000800458e4a0 
000000800458e5c0 000000800458e6e0 000000800458e800 000000800458e920 000000800458ea40 000000800458eb60 000000800458ec80 000000800458eda0 000000800458eec0 000000800458efe0 
000000800458f100 000000800458f220 000000800458f340 000000800458f460 000000800458f580 000000800458f6a0 000000800458f7c0 000000800458f8e0 000000800458fa00 000000800458fb20 
000000800458fc40 000000800458fd60 000000800458fe80 000000800458ffa0 00000080045900c0 00000080045901e0 0000008004590300 0000008004590420 0000008004590540 0000008004590660 
0000008004590780 00000080045908a0 00000080045909c0 0000008004590ae0 0000008004590c00 0000008004590d20 0000008004590e40 0000008004590f60 0000008004591080 00000080045911a0 
00000080045912c0 00000080045913e0 0000008004591500 0000008004591620 0000008004591740 0000008004591860 0000008004591980 0000008004591aa0 0000008004591bc0 0000008004591ce0 
0000008004591e00 0000008004591f20 0000008004592040 0000008004592160 0000008004592280 00000080045923a0 00000080045924c0 00000080045925e0 0000008004592700 0000008004592820 
0000008004592940 0000008004592a60 0000008004592b80 0000008004592ca0 0000008004592dc0 0000008004592ee0 0000008004593000 0000008004593120 0000008004593240 0000008004593360 
0000008004593480 00000080045935a0 00000080045936c0 00000080045937e0 0000008004593900 0000008004593a20 0000008004593b40 0000008004593c60 0000008004593d80 0000008004593ea0 
0000008004593fc0 00000080045940e0 0000008004594200 0000008004594320 0000008004594440 0000008004594560 0000008004594680 00000080045947a0 00000080045948c0 00000080045949e0 
0000008004594b00 0000008004594c20 0000008004594d40 0000008004594e60 0000008004594f80 00000080045950a0 00000080045951c0 00000080045952e0 0000008004595400 0000008004595520 
0000008004595640 0000008004595760 0000008004595880 00000080045959a0 0000008004595ac0 0000008004595be0 0000008004595d00 0000008004595e20 0000008004595f40 0000008004596060 
0000008004596180 00000080045962a0 00000080045963c0 00000080045964e0 0000008004596600 0000008004596720 0000008004596840 0000008004596960 0000008004596a80 0000008004596ba0 
0000008004596cc0 0000008004596de0 0000008004596f00 0000008004597020 0000008004597140 0000008004597260 0000008004597380 00000080045974a0 00000080045975c0 00000080045976e0 
0000008004597800 0000008004597920 0000008004597a40 0000008004597b60 0000008004597c80 0000008004597da0 0000008004597ec0 0000008004597fe0 0000008004598100 0000008004598220 
0000008004598340 0000008004598460 0000008004598580 00000080045986a0 00000080045987c0 00000080045988e0 0000008004598a00 0000008004598b20 0000008004598c40 0000008004598d60 
0000008004598e80 0000008004598fa0 00000080045990c0 00000080045991e0 0000008004599300 0000008004599420 0000008004599540 0000008004599660 0000008004599780 00000080045998a0 
00000080045999c0 0000008004599ae0 0000008004599c00 0000008004599d20 0000008004599e40 0000008004599f60 000000800459a080 000000800459a1a0 000000800459a2c0 000000800459a3e0 
000000800459a500 000000800459a620 000000800459a740 000000800459a860 000000800459a980 000000800459aaa0 000000800459abc0 000000800459ace0 000000800459ae00 000000800459af20 
000000800459b040 000000800459b160 000000800459b280 000000800459b3a0 000000800459b4c0 000000800459b5e0 000000800459b700 000000800459b820 000000800459b940 000000800459ba60 
000000800459bb80 000000800459bca0 000000800459bdc0 000000800459bee0 Found boot cpu..
type: 0 apicid:0 version:20 signature:80040f6680 feature:78bfbfd flags:3 reserved:80040f6688
SMP: CPU 0 found 1 CPU(s)
enabled interrupts: 1 2
free = 0000008004554000
[00000000] new env 00001000
free = 0000008004554120
[00001000] new env 00001001
CPU 0: 2 free = 0000008004554240
[00001001] new env 00001002
CPU 0: 3 free = 0000008004554360
[00001002] new env 00001003
CPU 0: 5 free = 0000008004554480
[00001003] new env 00001004
CPU 0: 7 free = 00000080045545a0
[00001004] new env 00001005
CPU 0: 11 free = 00000080045546c0
[00001005] new env 00001006
CPU 0: 13 free = 00000080045547e0
[00001006] new env 00001007
CPU 0: 17 free = 0000008004554900
[00001007] new env 00001008
CPU 0: 19 free = 0000008004554a20
[00001008] new env 00001009
CPU 0: 23 free = 0000008004554b40
[00001009] new env 0000100a
CPU 0: 29 free = 0000008004554c60
[0000100a] new env 0000100b
CPU 0: 31 free = 0000008004554d80
[0000100b] new env 0000100c
CPU 0: 37 free = 0000008004554ea0
[0000100c] new env 0000100d
CPU 0: 41 free = 0000008004554fc0
[0000100d] new env 0000100e
CPU 0: 43 free = 00000080045550e0
[0000100e] new env 0000100f
CPU 0: 47 free = 0000008004555200
[0000100f] new env 00001010
CPU 0: 53 free = 0000008004555320
[00001010] new env 00001011
CPU 0: 59 free = 0000008004555440
[00001011] new env 00001012
CPU 0: 61 free = 0000008004555560
[00001012] new env 00001013
CPU 0: 67 free = 0000008004555680
[00001013] new env 00001014
CPU 0: 71 free = 00000080045557a0
[00001014] new env 00001015
CPU 0: 73 free = 00000080045558c0
[00001015] new env 00001016
CPU 0: 79 free = 00000080045559e0
[00001016] new env 00001017
CPU 0: 83 free = 0000008004555b00
[00001017] new env 00001018
CPU 0: 89 free = 0000008004555c20
[00001018] new env 00001019
CPU 0: 97 free = 0000008004555d40
[00001019] new env 0000101a
CPU 0: 101 free = 0000008004555e60
[0000101a] new env 0000101b
CPU 0: 103 free = 0000008004555f80
[0000101b] new env 0000101c
CPU 0: 107 free = 0000000000000000
[0000101c] user panic in <unknown> at lib/fork.c:111: fork failed: 4294967291

Welcome to the JOS kernel monitor!
Type 'help' for a list of commands.
[31mRED[32mGREEN[33mYELLOW[34mBLUE[35mMAGNETA[36mCYAN
[0mTRAP frame at 0x8004555f80 from CPU 0
  r15  0x00000000
  r14  0x00000000
  r13  0x00000000
  r12  0x00000000
  r11  0x00000000
  r10  0x00000004
  r9  0x00000000
  r8  0x00000000
  rdi  0x00000000
  rsi  0x00000000
  rbp  0xef7fdf00
  rbx  0x00802443
  rdx  0xef7fdbd8
  rcx  0x00000001
  rax  0x00000001
  es   0x----0023
  ds   0x----0023
  trap 0x00000003 Breakpoint
  err  0x00000000
  rip  0x00800387
  cs   0x----001b
  flag 0x00000202
  rsp  0xef7fde00
  ss   0x----0023
K> QEMU: Terminated
